
(12574770) started: Mon Mar  3 14:45:00 EST 2014
(12574770) Querying the database to see if this is the first Monday of the fiscal period
(12574770) Querying the database for all retail centers
(12574770) /scripts/reporting/tmp/bos001.results exists and is not empty
(12574770) persisting BOS report for 0020 to /scripts/reporting/tmp/Bos0020.pdf
(12574770) ** ERROR: An error occurred generating BOS report for 0020, RC=1
(12574770) removing /scripts/reporting/tmp/Bos0020.pdf
(12574770) persisting BOS report for 9011 to /scripts/reporting/tmp/Bos9011.pdf
(12574770) ** ERROR: An error occurred generating BOS report for 9011, RC=1
(12574770) removing /scripts/reporting/tmp/Bos9011.pdf
(12574770) persisting BOS report for 9027 to /scripts/reporting/tmp/Bos9027.pdf
(12574770) ** ERROR: An error occurred generating BOS report for 9027, RC=1
(12574770) removing /scripts/reporting/tmp/Bos9027.pdf
(12574770) persisting BOS report for 9030 to /scripts/reporting/tmp/Bos9030.pdf
(12574770) ** ERROR: An error occurred generating BOS report for 9030, RC=1
(12574770) removing /scripts/reporting/tmp/Bos9030.pdf
(12574770) persisting BOS report for 9031 to /scripts/reporting/tmp/Bos9031.pdf
(12574770) ** ERROR: An error occurred generating BOS report for 9031, RC=1
(12574770) removing /scripts/reporting/tmp/Bos9031.pdf
(12574770) persisting BOS report for 9034 to /scripts/reporting/tmp/Bos9034.pdf
(12574770) persisting BOS report for 9035 to /scripts/reporting/tmp/Bos9035.pdf
(12574770) persisting BOS report for 9037 to /scripts/reporting/tmp/Bos9037.pdf
(12574770) persisting BOS report for 9038 to /scripts/reporting/tmp/Bos9038.pdf
(12574770) ** ERROR: An error occurred generating BOS report for 9038, RC=1
(12574770) removing /scripts/reporting/tmp/Bos9038.pdf
(12574770) persisting BOS report for 9041 to /scripts/reporting/tmp/Bos9041.pdf
(12574770) persisting BOS report for 9046 to /scripts/reporting/tmp/Bos9046.pdf
(12574770) persisting BOS report for 9053 to /scripts/reporting/tmp/Bos9053.pdf
(12574770) persisting BOS report for 9056 to /scripts/reporting/tmp/Bos9056.pdf
(12574770) ** ERROR: An error occurred generating BOS report for 9056, RC=1
(12574770) removing /scripts/reporting/tmp/Bos9056.pdf
(12574770) persisting BOS report for 9059 to /scripts/reporting/tmp/Bos9059.pdf
(12574770) ** ERROR: An error occurred generating BOS report for 9059, RC=1
(12574770) removing /scripts/reporting/tmp/Bos9059.pdf
(12574770) persisting BOS report for 9080 to /scripts/reporting/tmp/Bos9080.pdf
(12574770) persisting BOS report for 9090 to /scripts/reporting/tmp/Bos9090.pdf
(12574770) ** ERROR: An error occurred generating BOS report for 9090, RC=1
(12574770) removing /scripts/reporting/tmp/Bos9090.pdf
(12574770) persisting BOS report for 9101 to /scripts/reporting/tmp/Bos9101.pdf
(12574770) ** ERROR: An error occurred generating BOS report for 9101, RC=1
(12574770) removing /scripts/reporting/tmp/Bos9101.pdf
(12574770) persisting BOS report for 9110 to /scripts/reporting/tmp/Bos9110.pdf
(12574770) ** ERROR: An error occurred generating BOS report for 9110, RC=1
(12574770) removing /scripts/reporting/tmp/Bos9110.pdf
(12574770) persisting BOS report for 9120 to /scripts/reporting/tmp/Bos9120.pdf
(12574770) ** ERROR: An error occurred generating BOS report for 9120, RC=1
(12574770) removing /scripts/reporting/tmp/Bos9120.pdf
(12574770) persisting BOS report for 9130 to /scripts/reporting/tmp/Bos9130.pdf
(12574770) ** ERROR: An error occurred generating BOS report for 9130, RC=1
(12574770) removing /scripts/reporting/tmp/Bos9130.pdf
(12574770) persisting BOS report for 9140 to /scripts/reporting/tmp/Bos9140.pdf
(12574770) persisting BOS report for 9200 to /scripts/reporting/tmp/Bos9200.pdf
(12574770) ** ERROR: An error occurred generating BOS report for 9200, RC=1
(12574770) removing /scripts/reporting/tmp/Bos9200.pdf
(12574770) persisting BOS report for 9204 to /scripts/reporting/tmp/Bos9204.pdf
(12574770) ** ERROR: An error occurred generating BOS report for 9204, RC=1
(12574770) removing /scripts/reporting/tmp/Bos9204.pdf
(12574770) persisting BOS report for 9208 to /scripts/reporting/tmp/Bos9208.pdf
(12574770) persisting BOS report for 9210 to /scripts/reporting/tmp/Bos9210.pdf
(12574770) persisting BOS report for 9212 to /scripts/reporting/tmp/Bos9212.pdf
(12574770) persisting BOS report for 9215 to /scripts/reporting/tmp/Bos9215.pdf
(12574770) ** ERROR: An error occurred generating BOS report for 9215, RC=1
(12574770) removing /scripts/reporting/tmp/Bos9215.pdf
(12574770) persisting BOS report for 9230 to /scripts/reporting/tmp/Bos9230.pdf
(12574770) ** ERROR: An error occurred generating BOS report for 9230, RC=1
(12574770) removing /scripts/reporting/tmp/Bos9230.pdf
(12574770) persisting BOS report for 9250 to /scripts/reporting/tmp/Bos9250.pdf
(12574770) ** ERROR: An error occurred generating BOS report for 9250, RC=1
(12574770) removing /scripts/reporting/tmp/Bos9250.pdf
(12574770) persisting BOS report for 9281 to /scripts/reporting/tmp/Bos9281.pdf
(12574770) ** ERROR: An error occurred generating BOS report for 9281, RC=1
(12574770) removing /scripts/reporting/tmp/Bos9281.pdf
(12574770) persisting BOS report for 9310 to /scripts/reporting/tmp/Bos9310.pdf
(12574770) persisting BOS report for 9312 to /scripts/reporting/tmp/Bos9312.pdf
(12574770) persisting BOS report for 9315 to /scripts/reporting/tmp/Bos9315.pdf
(12574770) ** ERROR: An error occurred generating BOS report for 9315, RC=1
(12574770) removing /scripts/reporting/tmp/Bos9315.pdf
(12574770) persisting BOS report for 9321 to /scripts/reporting/tmp/Bos9321.pdf
(12574770) persisting BOS report for 9351 to /scripts/reporting/tmp/Bos9351.pdf
(12574770) ** ERROR: An error occurred generating BOS report for 9351, RC=1
(12574770) removing /scripts/reporting/tmp/Bos9351.pdf
(12574770) persisting BOS report for 9352 to /scripts/reporting/tmp/Bos9352.pdf
(12574770) ** ERROR: An error occurred generating BOS report for 9352, RC=1
(12574770) removing /scripts/reporting/tmp/Bos9352.pdf
(12574770) persisting BOS report for 9370 to /scripts/reporting/tmp/Bos9370.pdf
(12574770) persisting BOS report for 9390 to /scripts/reporting/tmp/Bos9390.pdf
(12574770) persisting BOS report for 9391 to /scripts/reporting/tmp/Bos9391.pdf
(12574770) ** ERROR: An error occurred generating BOS report for 9391, RC=1
(12574770) removing /scripts/reporting/tmp/Bos9391.pdf
(12574770) persisting BOS report for 9404 to /scripts/reporting/tmp/Bos9404.pdf
(12574770) ** ERROR: An error occurred generating BOS report for 9404, RC=1
(12574770) removing /scripts/reporting/tmp/Bos9404.pdf
(12574770) persisting BOS report for 9405 to /scripts/reporting/tmp/Bos9405.pdf
(12574770) persisting BOS report for 9407 to /scripts/reporting/tmp/Bos9407.pdf
(12574770) ** ERROR: An error occurred generating BOS report for 9407, RC=1
(12574770) removing /scripts/reporting/tmp/Bos9407.pdf
(12574770) persisting BOS report for 9410 to /scripts/reporting/tmp/Bos9410.pdf
(12574770) persisting BOS report for 9412 to /scripts/reporting/tmp/Bos9412.pdf
(12574770) persisting BOS report for 9415 to /scripts/reporting/tmp/Bos9415.pdf
(12574770) persisting BOS report for 9417 to /scripts/reporting/tmp/Bos9417.pdf
(12574770) persisting BOS report for 9425 to /scripts/reporting/tmp/Bos9425.pdf
(12574770) persisting BOS report for 9436 to /scripts/reporting/tmp/Bos9436.pdf
(12574770) persisting BOS report for 9450 to /scripts/reporting/tmp/Bos9450.pdf
(12574770) ** ERROR: An error occurred generating BOS report for 9450, RC=1
(12574770) removing /scripts/reporting/tmp/Bos9450.pdf
(12574770) persisting BOS report for 9460 to /scripts/reporting/tmp/Bos9460.pdf
(12574770) ** ERROR: An error occurred generating BOS report for 9460, RC=1
(12574770) removing /scripts/reporting/tmp/Bos9460.pdf
(12574770) persisting BOS report for 9479 to /scripts/reporting/tmp/Bos9479.pdf
(12574770) persisting BOS report for 9480 to /scripts/reporting/tmp/Bos9480.pdf
(12574770) persisting BOS report for 9500 to /scripts/reporting/tmp/Bos9500.pdf
(12574770) ** ERROR: An error occurred generating BOS report for 9500, RC=1
(12574770) removing /scripts/reporting/tmp/Bos9500.pdf
(12574770) persisting BOS report for 9509 to /scripts/reporting/tmp/Bos9509.pdf
(12574770) persisting BOS report for 9515 to /scripts/reporting/tmp/Bos9515.pdf
(12574770) persisting BOS report for 9525 to /scripts/reporting/tmp/Bos9525.pdf
(12574770) persisting BOS report for 9535 to /scripts/reporting/tmp/Bos9535.pdf
(12574770) ** ERROR: An error occurred generating BOS report for 9535, RC=1
(12574770) removing /scripts/reporting/tmp/Bos9535.pdf
(12574770) persisting BOS report for 9550 to /scripts/reporting/tmp/Bos9550.pdf
(12574770) ** ERROR: An error occurred generating BOS report for 9550, RC=1
(12574770) removing /scripts/reporting/tmp/Bos9550.pdf
(12574770) persisting BOS report for 9562 to /scripts/reporting/tmp/Bos9562.pdf
(12574770) persisting BOS report for 9575 to /scripts/reporting/tmp/Bos9575.pdf
(12574770) persisting BOS report for 9599 to /scripts/reporting/tmp/Bos9599.pdf
(12574770) ** ERROR: An error occurred generating BOS report for 9599, RC=1
(12574770) removing /scripts/reporting/tmp/Bos9599.pdf
(12574770) persisting BOS report for 9600 to /scripts/reporting/tmp/Bos9600.pdf
(12574770) persisting BOS report for 9609 to /scripts/reporting/tmp/Bos9609.pdf
(12574770) persisting BOS report for 9615 to /scripts/reporting/tmp/Bos9615.pdf
(12574770) ** ERROR: An error occurred generating BOS report for 9615, RC=1
(12574770) removing /scripts/reporting/tmp/Bos9615.pdf
(12574770) persisting BOS report for 9619 to /scripts/reporting/tmp/Bos9619.pdf
(12574770) ** ERROR: An error occurred generating BOS report for 9619, RC=1
(12574770) removing /scripts/reporting/tmp/Bos9619.pdf
(12574770) persisting BOS report for 9630 to /scripts/reporting/tmp/Bos9630.pdf
(12574770) ** ERROR: An error occurred generating BOS report for 9630, RC=1
(12574770) removing /scripts/reporting/tmp/Bos9630.pdf
(12574770) persisting BOS report for 9635 to /scripts/reporting/tmp/Bos9635.pdf
(12574770) persisting BOS report for 9640 to /scripts/reporting/tmp/Bos9640.pdf
(12574770) persisting BOS report for 9650 to /scripts/reporting/tmp/Bos9650.pdf
(12574770) persisting BOS report for 9675 to /scripts/reporting/tmp/Bos9675.pdf
(12574770) persisting BOS report for 9690 to /scripts/reporting/tmp/Bos9690.pdf
(12574770) persisting BOS report for 9700 to /scripts/reporting/tmp/Bos9700.pdf
(12574770) ** ERROR: An error occurred generating BOS report for 9700, RC=1
(12574770) removing /scripts/reporting/tmp/Bos9700.pdf
(12574770) persisting BOS report for 9704 to /scripts/reporting/tmp/Bos9704.pdf
(12574770) ** ERROR: An error occurred generating BOS report for 9704, RC=1
(12574770) removing /scripts/reporting/tmp/Bos9704.pdf
(12574770) persisting BOS report for 9706 to /scripts/reporting/tmp/Bos9706.pdf
(12574770) ** ERROR: An error occurred generating BOS report for 9706, RC=1
(12574770) removing /scripts/reporting/tmp/Bos9706.pdf
(12574770) persisting BOS report for 9713 to /scripts/reporting/tmp/Bos9713.pdf
(12574770) persisting BOS report for 9720 to /scripts/reporting/tmp/Bos9720.pdf
(12574770) ** ERROR: An error occurred generating BOS report for 9720, RC=1
(12574770) removing /scripts/reporting/tmp/Bos9720.pdf
(12574770) persisting BOS report for 9721 to /scripts/reporting/tmp/Bos9721.pdf
(12574770) ** ERROR: An error occurred generating BOS report for 9721, RC=1
(12574770) removing /scripts/reporting/tmp/Bos9721.pdf
(12574770) persisting BOS report for 9725 to /scripts/reporting/tmp/Bos9725.pdf
(12574770) persisting BOS report for 9750 to /scripts/reporting/tmp/Bos9750.pdf
(12574770) ** ERROR: An error occurred generating BOS report for 9750, RC=1
(12574770) removing /scripts/reporting/tmp/Bos9750.pdf
(12574770) persisting BOS report for 9751 to /scripts/reporting/tmp/Bos9751.pdf
(12574770) ** ERROR: An error occurred generating BOS report for 9751, RC=1
(12574770) removing /scripts/reporting/tmp/Bos9751.pdf
(12574770) persisting BOS report for 9770 to /scripts/reporting/tmp/Bos9770.pdf
(12574770) persisting BOS report for 9775 to /scripts/reporting/tmp/Bos9775.pdf
(12574770) persisting BOS report for 9780 to /scripts/reporting/tmp/Bos9780.pdf
(12574770) ** ERROR: An error occurred generating BOS report for 9780, RC=1
(12574770) removing /scripts/reporting/tmp/Bos9780.pdf
(12574770) persisting BOS report for 9800 to /scripts/reporting/tmp/Bos9800.pdf
(12574770) ** ERROR: An error occurred generating BOS report for 9800, RC=1
(12574770) removing /scripts/reporting/tmp/Bos9800.pdf
(12574770) persisting BOS report for 9801 to /scripts/reporting/tmp/Bos9801.pdf
(12574770) persisting BOS report for 9815 to /scripts/reporting/tmp/Bos9815.pdf
(12574770) ** ERROR: An error occurred generating BOS report for 9815, RC=1
(12574770) removing /scripts/reporting/tmp/Bos9815.pdf
(12574770) persisting BOS report for 9828 to /scripts/reporting/tmp/Bos9828.pdf
(12574770) persisting BOS report for 9850 to /scripts/reporting/tmp/Bos9850.pdf
(12574770) persisting BOS report for 9859 to /scripts/reporting/tmp/Bos9859.pdf
(12574770) ** ERROR: An error occurred generating BOS report for 9859, RC=1
(12574770) removing /scripts/reporting/tmp/Bos9859.pdf
(12574770) persisting BOS report for 9875 to /scripts/reporting/tmp/Bos9875.pdf
(12574770) persisting BOS report for 9880 to /scripts/reporting/tmp/Bos9880.pdf
(12574770) persisting BOS report for 9915 to /scripts/reporting/tmp/Bos9915.pdf
(12574770) persisting BOS report for 9918 to /scripts/reporting/tmp/Bos9918.pdf
(12574770) persisting BOS report for 9921 to /scripts/reporting/tmp/Bos9921.pdf
(12574770) ** ERROR: An error occurred generating BOS report for 9921, RC=1
(12574770) removing /scripts/reporting/tmp/Bos9921.pdf
(12574770) persisting BOS report for 9954 to /scripts/reporting/tmp/Bos9954.pdf
(12574770) persisting BOS report for 9956 to /scripts/reporting/tmp/Bos9956.pdf
(12574770) persisting BOS report for 9972 to /scripts/reporting/tmp/Bos9972.pdf
(12574770) persisting BOS report for 9973 to /scripts/reporting/tmp/Bos9973.pdf
(12574770) Creating /scripts/reporting/tmp/BosReports_03032014_145111.zip
(12574770) sending attachment email to IT.BOSS.Distribution@THEPARADIESSHOPS.COM
(12574770) successfully sent email to IT.BOSS.Distribution@THEPARADIESSHOPS.COM
(12574770) Cleaning up Bos pdf files
(12574770) cleaning up /scripts/reporting/tmp/bos001.results
(12574770) finished Mon Mar  3 14:51:12 EST 2014

(11505780) started: Mon Mar  3 18:43:18 EST 2014
(11505780) Querying the database to see if this is the first Monday of the fiscal period
(11505780) Querying the database for all retail centers
(11505780) /scripts/reporting/tmp/bos001.results exists and is not empty
(11505780) persisting BOS report for 0020 to /scripts/reporting/tmp/Bos0020.pdf
(11505780) ** ERROR: An error occurred generating BOS report for 0020, RC=1
(11505780) removing /scripts/reporting/tmp/Bos0020.pdf
(11505780) persisting BOS report for 9011 to /scripts/reporting/tmp/Bos9011.pdf
(11505780) ** ERROR: An error occurred generating BOS report for 9011, RC=1
(11505780) removing /scripts/reporting/tmp/Bos9011.pdf
(11505780) persisting BOS report for 9027 to /scripts/reporting/tmp/Bos9027.pdf
(11505780) persisting BOS report for 9030 to /scripts/reporting/tmp/Bos9030.pdf
(11505780) persisting BOS report for 9031 to /scripts/reporting/tmp/Bos9031.pdf
(11505780) persisting BOS report for 9034 to /scripts/reporting/tmp/Bos9034.pdf
(11505780) persisting BOS report for 9035 to /scripts/reporting/tmp/Bos9035.pdf
(11505780) persisting BOS report for 9037 to /scripts/reporting/tmp/Bos9037.pdf
(11505780) persisting BOS report for 9038 to /scripts/reporting/tmp/Bos9038.pdf
(11505780) persisting BOS report for 9041 to /scripts/reporting/tmp/Bos9041.pdf
(11505780) persisting BOS report for 9046 to /scripts/reporting/tmp/Bos9046.pdf
(11505780) persisting BOS report for 9053 to /scripts/reporting/tmp/Bos9053.pdf
(11505780) persisting BOS report for 9056 to /scripts/reporting/tmp/Bos9056.pdf
(11505780) persisting BOS report for 9059 to /scripts/reporting/tmp/Bos9059.pdf
(11505780) persisting BOS report for 9080 to /scripts/reporting/tmp/Bos9080.pdf
(11505780) persisting BOS report for 9090 to /scripts/reporting/tmp/Bos9090.pdf
(11505780) persisting BOS report for 9101 to /scripts/reporting/tmp/Bos9101.pdf
(11505780) persisting BOS report for 9110 to /scripts/reporting/tmp/Bos9110.pdf
(11505780) ** ERROR: An error occurred generating BOS report for 9110, RC=1
(11505780) removing /scripts/reporting/tmp/Bos9110.pdf
(11505780) persisting BOS report for 9120 to /scripts/reporting/tmp/Bos9120.pdf
(11505780) persisting BOS report for 9130 to /scripts/reporting/tmp/Bos9130.pdf
(11505780) persisting BOS report for 9140 to /scripts/reporting/tmp/Bos9140.pdf
(11505780) persisting BOS report for 9200 to /scripts/reporting/tmp/Bos9200.pdf
(11505780) persisting BOS report for 9204 to /scripts/reporting/tmp/Bos9204.pdf
(11505780) persisting BOS report for 9208 to /scripts/reporting/tmp/Bos9208.pdf
(11505780) persisting BOS report for 9210 to /scripts/reporting/tmp/Bos9210.pdf
(11505780) persisting BOS report for 9212 to /scripts/reporting/tmp/Bos9212.pdf
(11505780) persisting BOS report for 9215 to /scripts/reporting/tmp/Bos9215.pdf
(11505780) ** ERROR: An error occurred generating BOS report for 9215, RC=1
(11505780) removing /scripts/reporting/tmp/Bos9215.pdf
(11505780) persisting BOS report for 9230 to /scripts/reporting/tmp/Bos9230.pdf
(11505780) ** ERROR: An error occurred generating BOS report for 9230, RC=1
(11505780) removing /scripts/reporting/tmp/Bos9230.pdf
(11505780) persisting BOS report for 9250 to /scripts/reporting/tmp/Bos9250.pdf
(11505780) persisting BOS report for 9281 to /scripts/reporting/tmp/Bos9281.pdf
(11505780) persisting BOS report for 9310 to /scripts/reporting/tmp/Bos9310.pdf
(11505780) persisting BOS report for 9312 to /scripts/reporting/tmp/Bos9312.pdf
(11505780) persisting BOS report for 9315 to /scripts/reporting/tmp/Bos9315.pdf
(11505780) ** ERROR: An error occurred generating BOS report for 9315, RC=1
(11505780) removing /scripts/reporting/tmp/Bos9315.pdf
(11505780) persisting BOS report for 9321 to /scripts/reporting/tmp/Bos9321.pdf
(11505780) persisting BOS report for 9351 to /scripts/reporting/tmp/Bos9351.pdf
(11505780) persisting BOS report for 9352 to /scripts/reporting/tmp/Bos9352.pdf
(11505780) persisting BOS report for 9370 to /scripts/reporting/tmp/Bos9370.pdf
(11505780) persisting BOS report for 9390 to /scripts/reporting/tmp/Bos9390.pdf
(11505780) persisting BOS report for 9391 to /scripts/reporting/tmp/Bos9391.pdf
(11505780) persisting BOS report for 9404 to /scripts/reporting/tmp/Bos9404.pdf
(11505780) ** ERROR: An error occurred generating BOS report for 9404, RC=1
(11505780) removing /scripts/reporting/tmp/Bos9404.pdf
(11505780) persisting BOS report for 9405 to /scripts/reporting/tmp/Bos9405.pdf
(11505780) persisting BOS report for 9407 to /scripts/reporting/tmp/Bos9407.pdf
(11505780) persisting BOS report for 9410 to /scripts/reporting/tmp/Bos9410.pdf
(11505780) persisting BOS report for 9412 to /scripts/reporting/tmp/Bos9412.pdf
(11505780) persisting BOS report for 9415 to /scripts/reporting/tmp/Bos9415.pdf
(11505780) persisting BOS report for 9417 to /scripts/reporting/tmp/Bos9417.pdf
(11505780) persisting BOS report for 9425 to /scripts/reporting/tmp/Bos9425.pdf
(11505780) persisting BOS report for 9436 to /scripts/reporting/tmp/Bos9436.pdf
(11505780) persisting BOS report for 9450 to /scripts/reporting/tmp/Bos9450.pdf
(11505780) persisting BOS report for 9460 to /scripts/reporting/tmp/Bos9460.pdf
(11505780) persisting BOS report for 9479 to /scripts/reporting/tmp/Bos9479.pdf
(11505780) persisting BOS report for 9480 to /scripts/reporting/tmp/Bos9480.pdf
(11505780) persisting BOS report for 9500 to /scripts/reporting/tmp/Bos9500.pdf
(11505780) persisting BOS report for 9509 to /scripts/reporting/tmp/Bos9509.pdf
(11505780) persisting BOS report for 9515 to /scripts/reporting/tmp/Bos9515.pdf
(11505780) persisting BOS report for 9525 to /scripts/reporting/tmp/Bos9525.pdf
(11505780) persisting BOS report for 9535 to /scripts/reporting/tmp/Bos9535.pdf
(11505780) persisting BOS report for 9550 to /scripts/reporting/tmp/Bos9550.pdf
(11505780) persisting BOS report for 9562 to /scripts/reporting/tmp/Bos9562.pdf
(11505780) persisting BOS report for 9575 to /scripts/reporting/tmp/Bos9575.pdf
(11505780) persisting BOS report for 9599 to /scripts/reporting/tmp/Bos9599.pdf
(11505780) persisting BOS report for 9600 to /scripts/reporting/tmp/Bos9600.pdf
(11505780) persisting BOS report for 9609 to /scripts/reporting/tmp/Bos9609.pdf
(11505780) persisting BOS report for 9615 to /scripts/reporting/tmp/Bos9615.pdf
(11505780) ** ERROR: An error occurred generating BOS report for 9615, RC=1
(11505780) removing /scripts/reporting/tmp/Bos9615.pdf
(11505780) persisting BOS report for 9619 to /scripts/reporting/tmp/Bos9619.pdf
(11505780) persisting BOS report for 9630 to /scripts/reporting/tmp/Bos9630.pdf
(11505780) persisting BOS report for 9635 to /scripts/reporting/tmp/Bos9635.pdf
(11505780) persisting BOS report for 9640 to /scripts/reporting/tmp/Bos9640.pdf
(11505780) persisting BOS report for 9650 to /scripts/reporting/tmp/Bos9650.pdf
(11505780) persisting BOS report for 9675 to /scripts/reporting/tmp/Bos9675.pdf
(11505780) persisting BOS report for 9690 to /scripts/reporting/tmp/Bos9690.pdf
(11505780) persisting BOS report for 9700 to /scripts/reporting/tmp/Bos9700.pdf
(11505780) persisting BOS report for 9704 to /scripts/reporting/tmp/Bos9704.pdf
(11505780) persisting BOS report for 9706 to /scripts/reporting/tmp/Bos9706.pdf
(11505780) ** ERROR: An error occurred generating BOS report for 9706, RC=1
(11505780) removing /scripts/reporting/tmp/Bos9706.pdf
(11505780) persisting BOS report for 9713 to /scripts/reporting/tmp/Bos9713.pdf
(11505780) persisting BOS report for 9720 to /scripts/reporting/tmp/Bos9720.pdf
(11505780) ** ERROR: An error occurred generating BOS report for 9720, RC=1
(11505780) removing /scripts/reporting/tmp/Bos9720.pdf
(11505780) persisting BOS report for 9721 to /scripts/reporting/tmp/Bos9721.pdf
(11505780) ** ERROR: An error occurred generating BOS report for 9721, RC=1
(11505780) removing /scripts/reporting/tmp/Bos9721.pdf
(11505780) persisting BOS report for 9725 to /scripts/reporting/tmp/Bos9725.pdf
(11505780) persisting BOS report for 9750 to /scripts/reporting/tmp/Bos9750.pdf
(11505780) persisting BOS report for 9751 to /scripts/reporting/tmp/Bos9751.pdf
(11505780) ** ERROR: An error occurred generating BOS report for 9751, RC=1
(11505780) removing /scripts/reporting/tmp/Bos9751.pdf
(11505780) persisting BOS report for 9770 to /scripts/reporting/tmp/Bos9770.pdf
(11505780) persisting BOS report for 9775 to /scripts/reporting/tmp/Bos9775.pdf
(11505780) persisting BOS report for 9780 to /scripts/reporting/tmp/Bos9780.pdf
(11505780) persisting BOS report for 9800 to /scripts/reporting/tmp/Bos9800.pdf
(11505780) ** ERROR: An error occurred generating BOS report for 9800, RC=1
(11505780) removing /scripts/reporting/tmp/Bos9800.pdf
(11505780) persisting BOS report for 9801 to /scripts/reporting/tmp/Bos9801.pdf
(11505780) persisting BOS report for 9815 to /scripts/reporting/tmp/Bos9815.pdf
(11505780) persisting BOS report for 9828 to /scripts/reporting/tmp/Bos9828.pdf
(11505780) persisting BOS report for 9850 to /scripts/reporting/tmp/Bos9850.pdf
(11505780) persisting BOS report for 9859 to /scripts/reporting/tmp/Bos9859.pdf
(11505780) persisting BOS report for 9875 to /scripts/reporting/tmp/Bos9875.pdf
(11505780) persisting BOS report for 9880 to /scripts/reporting/tmp/Bos9880.pdf
(11505780) persisting BOS report for 9915 to /scripts/reporting/tmp/Bos9915.pdf
(11505780) persisting BOS report for 9918 to /scripts/reporting/tmp/Bos9918.pdf
(11505780) persisting BOS report for 9921 to /scripts/reporting/tmp/Bos9921.pdf
(11505780) persisting BOS report for 9954 to /scripts/reporting/tmp/Bos9954.pdf
(11505780) persisting BOS report for 9956 to /scripts/reporting/tmp/Bos9956.pdf
(11505780) persisting BOS report for 9972 to /scripts/reporting/tmp/Bos9972.pdf
(11505780) persisting BOS report for 9973 to /scripts/reporting/tmp/Bos9973.pdf
(11505780) Creating /scripts/reporting/tmp/BosReports_03032014_184600.zip
/scripts/reporting/bos001.sh: line 208: jar: command not found
(11505780) ** ERROR: An error occurred creating /scripts/reporting/tmp/BosReports_03032014_184600.zip, RC=127

(10944646) started: Mon Mar  3 18:50:01 EST 2014
(10944646) Querying the database to see if this is the first Monday of the fiscal period
(10944646) Querying the database for all retail centers
(10944646) /scripts/reporting/tmp/bos001.results exists and is not empty
(10944646) persisting BOS report for 0020 to /scripts/reporting/tmp/Bos0020.pdf
(10944646) ** ERROR: An error occurred generating BOS report for 0020, RC=1
(10944646) removing /scripts/reporting/tmp/Bos0020.pdf
(10944646) persisting BOS report for 9011 to /scripts/reporting/tmp/Bos9011.pdf
(10944646) ** ERROR: An error occurred generating BOS report for 9011, RC=1
(10944646) removing /scripts/reporting/tmp/Bos9011.pdf
(10944646) persisting BOS report for 9027 to /scripts/reporting/tmp/Bos9027.pdf
(10944646) persisting BOS report for 9030 to /scripts/reporting/tmp/Bos9030.pdf
(10944646) persisting BOS report for 9031 to /scripts/reporting/tmp/Bos9031.pdf
(10944646) persisting BOS report for 9034 to /scripts/reporting/tmp/Bos9034.pdf
(10944646) persisting BOS report for 9035 to /scripts/reporting/tmp/Bos9035.pdf
(10944646) persisting BOS report for 9037 to /scripts/reporting/tmp/Bos9037.pdf
(10944646) persisting BOS report for 9038 to /scripts/reporting/tmp/Bos9038.pdf
(10944646) persisting BOS report for 9041 to /scripts/reporting/tmp/Bos9041.pdf
(10944646) persisting BOS report for 9046 to /scripts/reporting/tmp/Bos9046.pdf
(10944646) persisting BOS report for 9053 to /scripts/reporting/tmp/Bos9053.pdf
(10944646) persisting BOS report for 9056 to /scripts/reporting/tmp/Bos9056.pdf
(10944646) persisting BOS report for 9059 to /scripts/reporting/tmp/Bos9059.pdf
(10944646) persisting BOS report for 9080 to /scripts/reporting/tmp/Bos9080.pdf
(10944646) persisting BOS report for 9090 to /scripts/reporting/tmp/Bos9090.pdf
(10944646) persisting BOS report for 9101 to /scripts/reporting/tmp/Bos9101.pdf
(10944646) persisting BOS report for 9110 to /scripts/reporting/tmp/Bos9110.pdf
(10944646) ** ERROR: An error occurred generating BOS report for 9110, RC=1
(10944646) removing /scripts/reporting/tmp/Bos9110.pdf
(10944646) persisting BOS report for 9120 to /scripts/reporting/tmp/Bos9120.pdf
(10944646) persisting BOS report for 9130 to /scripts/reporting/tmp/Bos9130.pdf
(10944646) persisting BOS report for 9140 to /scripts/reporting/tmp/Bos9140.pdf
(10944646) persisting BOS report for 9200 to /scripts/reporting/tmp/Bos9200.pdf
(10944646) persisting BOS report for 9204 to /scripts/reporting/tmp/Bos9204.pdf
(10944646) persisting BOS report for 9208 to /scripts/reporting/tmp/Bos9208.pdf
(10944646) persisting BOS report for 9210 to /scripts/reporting/tmp/Bos9210.pdf
(10944646) persisting BOS report for 9212 to /scripts/reporting/tmp/Bos9212.pdf
(10944646) persisting BOS report for 9215 to /scripts/reporting/tmp/Bos9215.pdf
(10944646) ** ERROR: An error occurred generating BOS report for 9215, RC=1
(10944646) removing /scripts/reporting/tmp/Bos9215.pdf
(10944646) persisting BOS report for 9230 to /scripts/reporting/tmp/Bos9230.pdf
(10944646) ** ERROR: An error occurred generating BOS report for 9230, RC=1
(10944646) removing /scripts/reporting/tmp/Bos9230.pdf
(10944646) persisting BOS report for 9250 to /scripts/reporting/tmp/Bos9250.pdf
(10944646) persisting BOS report for 9281 to /scripts/reporting/tmp/Bos9281.pdf
(10944646) persisting BOS report for 9310 to /scripts/reporting/tmp/Bos9310.pdf
(10944646) persisting BOS report for 9312 to /scripts/reporting/tmp/Bos9312.pdf
(10944646) persisting BOS report for 9315 to /scripts/reporting/tmp/Bos9315.pdf
(10944646) ** ERROR: An error occurred generating BOS report for 9315, RC=1
(10944646) removing /scripts/reporting/tmp/Bos9315.pdf
(10944646) persisting BOS report for 9321 to /scripts/reporting/tmp/Bos9321.pdf
(10944646) persisting BOS report for 9351 to /scripts/reporting/tmp/Bos9351.pdf
(10944646) persisting BOS report for 9352 to /scripts/reporting/tmp/Bos9352.pdf
(10944646) persisting BOS report for 9370 to /scripts/reporting/tmp/Bos9370.pdf
(10944646) persisting BOS report for 9390 to /scripts/reporting/tmp/Bos9390.pdf
(10944646) persisting BOS report for 9391 to /scripts/reporting/tmp/Bos9391.pdf
(10944646) persisting BOS report for 9404 to /scripts/reporting/tmp/Bos9404.pdf
(10944646) ** ERROR: An error occurred generating BOS report for 9404, RC=1
(10944646) removing /scripts/reporting/tmp/Bos9404.pdf
(10944646) persisting BOS report for 9405 to /scripts/reporting/tmp/Bos9405.pdf
(10944646) persisting BOS report for 9407 to /scripts/reporting/tmp/Bos9407.pdf
(10944646) persisting BOS report for 9410 to /scripts/reporting/tmp/Bos9410.pdf
(10944646) persisting BOS report for 9412 to /scripts/reporting/tmp/Bos9412.pdf
(10944646) persisting BOS report for 9415 to /scripts/reporting/tmp/Bos9415.pdf
(10944646) persisting BOS report for 9417 to /scripts/reporting/tmp/Bos9417.pdf
(10944646) persisting BOS report for 9425 to /scripts/reporting/tmp/Bos9425.pdf
(10944646) persisting BOS report for 9436 to /scripts/reporting/tmp/Bos9436.pdf
(10944646) persisting BOS report for 9450 to /scripts/reporting/tmp/Bos9450.pdf
(10944646) persisting BOS report for 9460 to /scripts/reporting/tmp/Bos9460.pdf
(10944646) persisting BOS report for 9479 to /scripts/reporting/tmp/Bos9479.pdf
(10944646) persisting BOS report for 9480 to /scripts/reporting/tmp/Bos9480.pdf
(10944646) persisting BOS report for 9500 to /scripts/reporting/tmp/Bos9500.pdf
(10944646) persisting BOS report for 9509 to /scripts/reporting/tmp/Bos9509.pdf
(10944646) persisting BOS report for 9515 to /scripts/reporting/tmp/Bos9515.pdf
(10944646) persisting BOS report for 9525 to /scripts/reporting/tmp/Bos9525.pdf
(10944646) persisting BOS report for 9535 to /scripts/reporting/tmp/Bos9535.pdf
(10944646) persisting BOS report for 9550 to /scripts/reporting/tmp/Bos9550.pdf
(10944646) persisting BOS report for 9562 to /scripts/reporting/tmp/Bos9562.pdf
(10944646) persisting BOS report for 9575 to /scripts/reporting/tmp/Bos9575.pdf
(10944646) persisting BOS report for 9599 to /scripts/reporting/tmp/Bos9599.pdf
(10944646) persisting BOS report for 9600 to /scripts/reporting/tmp/Bos9600.pdf
(10944646) persisting BOS report for 9609 to /scripts/reporting/tmp/Bos9609.pdf
(10944646) persisting BOS report for 9615 to /scripts/reporting/tmp/Bos9615.pdf
(10944646) ** ERROR: An error occurred generating BOS report for 9615, RC=1
(10944646) removing /scripts/reporting/tmp/Bos9615.pdf
(10944646) persisting BOS report for 9619 to /scripts/reporting/tmp/Bos9619.pdf
(10944646) persisting BOS report for 9630 to /scripts/reporting/tmp/Bos9630.pdf
(10944646) persisting BOS report for 9635 to /scripts/reporting/tmp/Bos9635.pdf
(10944646) persisting BOS report for 9640 to /scripts/reporting/tmp/Bos9640.pdf
(10944646) persisting BOS report for 9650 to /scripts/reporting/tmp/Bos9650.pdf
(10944646) persisting BOS report for 9675 to /scripts/reporting/tmp/Bos9675.pdf
(10944646) persisting BOS report for 9690 to /scripts/reporting/tmp/Bos9690.pdf
(10944646) persisting BOS report for 9700 to /scripts/reporting/tmp/Bos9700.pdf
(10944646) persisting BOS report for 9704 to /scripts/reporting/tmp/Bos9704.pdf
(10944646) persisting BOS report for 9706 to /scripts/reporting/tmp/Bos9706.pdf
(10944646) ** ERROR: An error occurred generating BOS report for 9706, RC=1
(10944646) removing /scripts/reporting/tmp/Bos9706.pdf
(10944646) persisting BOS report for 9713 to /scripts/reporting/tmp/Bos9713.pdf
(10944646) persisting BOS report for 9720 to /scripts/reporting/tmp/Bos9720.pdf
(10944646) ** ERROR: An error occurred generating BOS report for 9720, RC=1
(10944646) removing /scripts/reporting/tmp/Bos9720.pdf
(10944646) persisting BOS report for 9721 to /scripts/reporting/tmp/Bos9721.pdf
(10944646) ** ERROR: An error occurred generating BOS report for 9721, RC=1
(10944646) removing /scripts/reporting/tmp/Bos9721.pdf
(10944646) persisting BOS report for 9725 to /scripts/reporting/tmp/Bos9725.pdf
(10944646) persisting BOS report for 9750 to /scripts/reporting/tmp/Bos9750.pdf
(10944646) persisting BOS report for 9751 to /scripts/reporting/tmp/Bos9751.pdf
(10944646) ** ERROR: An error occurred generating BOS report for 9751, RC=1
(10944646) removing /scripts/reporting/tmp/Bos9751.pdf
(10944646) persisting BOS report for 9770 to /scripts/reporting/tmp/Bos9770.pdf
(10944646) persisting BOS report for 9775 to /scripts/reporting/tmp/Bos9775.pdf
(10944646) persisting BOS report for 9780 to /scripts/reporting/tmp/Bos9780.pdf
(10944646) persisting BOS report for 9800 to /scripts/reporting/tmp/Bos9800.pdf
(10944646) ** ERROR: An error occurred generating BOS report for 9800, RC=1
(10944646) removing /scripts/reporting/tmp/Bos9800.pdf
(10944646) persisting BOS report for 9801 to /scripts/reporting/tmp/Bos9801.pdf
(10944646) persisting BOS report for 9815 to /scripts/reporting/tmp/Bos9815.pdf
(10944646) persisting BOS report for 9828 to /scripts/reporting/tmp/Bos9828.pdf
(10944646) persisting BOS report for 9850 to /scripts/reporting/tmp/Bos9850.pdf
(10944646) persisting BOS report for 9859 to /scripts/reporting/tmp/Bos9859.pdf
(10944646) persisting BOS report for 9875 to /scripts/reporting/tmp/Bos9875.pdf
(10944646) persisting BOS report for 9880 to /scripts/reporting/tmp/Bos9880.pdf
(10944646) persisting BOS report for 9915 to /scripts/reporting/tmp/Bos9915.pdf
(10944646) persisting BOS report for 9918 to /scripts/reporting/tmp/Bos9918.pdf
(10944646) persisting BOS report for 9921 to /scripts/reporting/tmp/Bos9921.pdf
(10944646) persisting BOS report for 9954 to /scripts/reporting/tmp/Bos9954.pdf
(10944646) persisting BOS report for 9956 to /scripts/reporting/tmp/Bos9956.pdf
(10944646) persisting BOS report for 9972 to /scripts/reporting/tmp/Bos9972.pdf
(10944646) persisting BOS report for 9973 to /scripts/reporting/tmp/Bos9973.pdf
(10944646) Creating /scripts/reporting/tmp/BosReports_03032014_185251.zip
(10944646) sending attachment email to IT.BOSS.Distribution@THEPARADIESSHOPS.COM
(10944646) successfully sent email to IT.BOSS.Distribution@THEPARADIESSHOPS.COM
(10944646) Cleaning up Bos pdf files
(10944646) cleaning up /scripts/reporting/tmp/bos001.results
(10944646) finished Mon Mar  3 18:52:52 EST 2014

(16601220) started: Mon Mar 10 18:50:00 EDT 2014
(16601220) Querying the database to see if this is the first Monday of the fiscal period
(16601220) This is not the first Monday of the fiscal period, exiting

(15454312) started: Mon Mar 17 18:50:00 EDT 2014
(15454312) Querying the database to see if this is the first Monday of the fiscal period
(15454312) This is not the first Monday of the fiscal period, exiting

(18247718) started: Mon Mar 24 18:50:00 EDT 2014
(18247718) Querying the database to see if this is the first Monday of the fiscal period
(18247718) This is not the first Monday of the fiscal period, exiting
