
(12980474) started: Tue Jan  7 13:23:51 EST 2014
(12980474) Querying the database to see if this is the first Monday of the fiscal period
(12980474) This is the first Monday of the fiscal period, querying the database for all retail centers
(12980474) /scripts/reporting/tmp/bos001.ovrd.results exists and is not empty
(12980474) persisting BOS report for 0020 to /scripts/reporting/tmp/Bos0020.pdf
(12980474) ** ERROR: An error occurred generating BOS report for 0020, RC=1
(12980474) removing /scripts/reporting/tmp/Bos0020.pdf
(12980474) persisting BOS report for 9011 to /scripts/reporting/tmp/Bos9011.pdf
(12980474) ** ERROR: An error occurred generating BOS report for 9011, RC=1
(12980474) removing /scripts/reporting/tmp/Bos9011.pdf
(12980474) persisting BOS report for 9027 to /scripts/reporting/tmp/Bos9027.pdf
(12980474) persisting BOS report for 9030 to /scripts/reporting/tmp/Bos9030.pdf
(12980474) persisting BOS report for 9031 to /scripts/reporting/tmp/Bos9031.pdf
(12980474) persisting BOS report for 9034 to /scripts/reporting/tmp/Bos9034.pdf
(12980474) persisting BOS report for 9035 to /scripts/reporting/tmp/Bos9035.pdf
(12980474) persisting BOS report for 9037 to /scripts/reporting/tmp/Bos9037.pdf
(12980474) persisting BOS report for 9038 to /scripts/reporting/tmp/Bos9038.pdf
(12980474) persisting BOS report for 9041 to /scripts/reporting/tmp/Bos9041.pdf
(12980474) persisting BOS report for 9046 to /scripts/reporting/tmp/Bos9046.pdf
(12980474) persisting BOS report for 9053 to /scripts/reporting/tmp/Bos9053.pdf
(12980474) persisting BOS report for 9056 to /scripts/reporting/tmp/Bos9056.pdf
(12980474) persisting BOS report for 9059 to /scripts/reporting/tmp/Bos9059.pdf
(12980474) persisting BOS report for 9080 to /scripts/reporting/tmp/Bos9080.pdf
(12980474) persisting BOS report for 9090 to /scripts/reporting/tmp/Bos9090.pdf
(12980474) persisting BOS report for 9101 to /scripts/reporting/tmp/Bos9101.pdf
(12980474) persisting BOS report for 9110 to /scripts/reporting/tmp/Bos9110.pdf
(12980474) ** ERROR: An error occurred generating BOS report for 9110, RC=1
(12980474) removing /scripts/reporting/tmp/Bos9110.pdf
(12980474) persisting BOS report for 9120 to /scripts/reporting/tmp/Bos9120.pdf
(12980474) persisting BOS report for 9130 to /scripts/reporting/tmp/Bos9130.pdf
(12980474) persisting BOS report for 9140 to /scripts/reporting/tmp/Bos9140.pdf
(12980474) persisting BOS report for 9200 to /scripts/reporting/tmp/Bos9200.pdf
(12980474) persisting BOS report for 9204 to /scripts/reporting/tmp/Bos9204.pdf
(12980474) persisting BOS report for 9208 to /scripts/reporting/tmp/Bos9208.pdf
(12980474) persisting BOS report for 9210 to /scripts/reporting/tmp/Bos9210.pdf
(12980474) persisting BOS report for 9212 to /scripts/reporting/tmp/Bos9212.pdf
(12980474) persisting BOS report for 9215 to /scripts/reporting/tmp/Bos9215.pdf
(12980474) ** ERROR: An error occurred generating BOS report for 9215, RC=1
(12980474) removing /scripts/reporting/tmp/Bos9215.pdf
(12980474) persisting BOS report for 9230 to /scripts/reporting/tmp/Bos9230.pdf
(12980474) ** ERROR: An error occurred generating BOS report for 9230, RC=1
(12980474) removing /scripts/reporting/tmp/Bos9230.pdf
(12980474) persisting BOS report for 9250 to /scripts/reporting/tmp/Bos9250.pdf
(12980474) persisting BOS report for 9281 to /scripts/reporting/tmp/Bos9281.pdf
(12980474) persisting BOS report for 9310 to /scripts/reporting/tmp/Bos9310.pdf
(12980474) persisting BOS report for 9312 to /scripts/reporting/tmp/Bos9312.pdf
(12980474) persisting BOS report for 9321 to /scripts/reporting/tmp/Bos9321.pdf
(12980474) persisting BOS report for 9351 to /scripts/reporting/tmp/Bos9351.pdf
(12980474) persisting BOS report for 9352 to /scripts/reporting/tmp/Bos9352.pdf
(12980474) persisting BOS report for 9370 to /scripts/reporting/tmp/Bos9370.pdf
(12980474) persisting BOS report for 9390 to /scripts/reporting/tmp/Bos9390.pdf
(12980474) persisting BOS report for 9391 to /scripts/reporting/tmp/Bos9391.pdf
(12980474) persisting BOS report for 9404 to /scripts/reporting/tmp/Bos9404.pdf
(12980474) ** ERROR: An error occurred generating BOS report for 9404, RC=1
(12980474) removing /scripts/reporting/tmp/Bos9404.pdf
(12980474) persisting BOS report for 9405 to /scripts/reporting/tmp/Bos9405.pdf
(12980474) persisting BOS report for 9407 to /scripts/reporting/tmp/Bos9407.pdf
(12980474) persisting BOS report for 9410 to /scripts/reporting/tmp/Bos9410.pdf
(12980474) persisting BOS report for 9412 to /scripts/reporting/tmp/Bos9412.pdf
(12980474) persisting BOS report for 9415 to /scripts/reporting/tmp/Bos9415.pdf
(12980474) persisting BOS report for 9417 to /scripts/reporting/tmp/Bos9417.pdf
(12980474) persisting BOS report for 9425 to /scripts/reporting/tmp/Bos9425.pdf
(12980474) persisting BOS report for 9436 to /scripts/reporting/tmp/Bos9436.pdf
(12980474) persisting BOS report for 9450 to /scripts/reporting/tmp/Bos9450.pdf
(12980474) persisting BOS report for 9460 to /scripts/reporting/tmp/Bos9460.pdf
(12980474) persisting BOS report for 9479 to /scripts/reporting/tmp/Bos9479.pdf
(12980474) persisting BOS report for 9480 to /scripts/reporting/tmp/Bos9480.pdf
(12980474) persisting BOS report for 9500 to /scripts/reporting/tmp/Bos9500.pdf
(12980474) persisting BOS report for 9509 to /scripts/reporting/tmp/Bos9509.pdf
(12980474) persisting BOS report for 9515 to /scripts/reporting/tmp/Bos9515.pdf
(12980474) persisting BOS report for 9525 to /scripts/reporting/tmp/Bos9525.pdf
(12980474) persisting BOS report for 9535 to /scripts/reporting/tmp/Bos9535.pdf
(12980474) persisting BOS report for 9550 to /scripts/reporting/tmp/Bos9550.pdf
(12980474) persisting BOS report for 9562 to /scripts/reporting/tmp/Bos9562.pdf
(12980474) persisting BOS report for 9575 to /scripts/reporting/tmp/Bos9575.pdf
(12980474) persisting BOS report for 9599 to /scripts/reporting/tmp/Bos9599.pdf
(12980474) persisting BOS report for 9600 to /scripts/reporting/tmp/Bos9600.pdf
(12980474) persisting BOS report for 9609 to /scripts/reporting/tmp/Bos9609.pdf
(12980474) persisting BOS report for 9615 to /scripts/reporting/tmp/Bos9615.pdf
(12980474) ** ERROR: An error occurred generating BOS report for 9615, RC=1
(12980474) removing /scripts/reporting/tmp/Bos9615.pdf
(12980474) persisting BOS report for 9619 to /scripts/reporting/tmp/Bos9619.pdf
(12980474) persisting BOS report for 9630 to /scripts/reporting/tmp/Bos9630.pdf
(12980474) persisting BOS report for 9635 to /scripts/reporting/tmp/Bos9635.pdf
(12980474) persisting BOS report for 9640 to /scripts/reporting/tmp/Bos9640.pdf
(12980474) persisting BOS report for 9650 to /scripts/reporting/tmp/Bos9650.pdf
(12980474) persisting BOS report for 9675 to /scripts/reporting/tmp/Bos9675.pdf
(12980474) persisting BOS report for 9690 to /scripts/reporting/tmp/Bos9690.pdf
(12980474) persisting BOS report for 9700 to /scripts/reporting/tmp/Bos9700.pdf
(12980474) persisting BOS report for 9704 to /scripts/reporting/tmp/Bos9704.pdf
(12980474) persisting BOS report for 9706 to /scripts/reporting/tmp/Bos9706.pdf
(12980474) ** ERROR: An error occurred generating BOS report for 9706, RC=1
(12980474) removing /scripts/reporting/tmp/Bos9706.pdf
(12980474) persisting BOS report for 9713 to /scripts/reporting/tmp/Bos9713.pdf
(12980474) persisting BOS report for 9725 to /scripts/reporting/tmp/Bos9725.pdf
(12980474) persisting BOS report for 9750 to /scripts/reporting/tmp/Bos9750.pdf
(12980474) persisting BOS report for 9751 to /scripts/reporting/tmp/Bos9751.pdf
(12980474) ** ERROR: An error occurred generating BOS report for 9751, RC=1
(12980474) removing /scripts/reporting/tmp/Bos9751.pdf
(12980474) persisting BOS report for 9770 to /scripts/reporting/tmp/Bos9770.pdf
(12980474) persisting BOS report for 9775 to /scripts/reporting/tmp/Bos9775.pdf
(12980474) persisting BOS report for 9780 to /scripts/reporting/tmp/Bos9780.pdf
(12980474) persisting BOS report for 9800 to /scripts/reporting/tmp/Bos9800.pdf
(12980474) ** ERROR: An error occurred generating BOS report for 9800, RC=1
(12980474) removing /scripts/reporting/tmp/Bos9800.pdf
(12980474) persisting BOS report for 9801 to /scripts/reporting/tmp/Bos9801.pdf
(12980474) persisting BOS report for 9815 to /scripts/reporting/tmp/Bos9815.pdf
(12980474) persisting BOS report for 9828 to /scripts/reporting/tmp/Bos9828.pdf
(12980474) persisting BOS report for 9850 to /scripts/reporting/tmp/Bos9850.pdf
(12980474) persisting BOS report for 9859 to /scripts/reporting/tmp/Bos9859.pdf
(12980474) persisting BOS report for 9875 to /scripts/reporting/tmp/Bos9875.pdf
(12980474) persisting BOS report for 9880 to /scripts/reporting/tmp/Bos9880.pdf
(12980474) persisting BOS report for 9915 to /scripts/reporting/tmp/Bos9915.pdf
(12980474) persisting BOS report for 9918 to /scripts/reporting/tmp/Bos9918.pdf
(12980474) persisting BOS report for 9921 to /scripts/reporting/tmp/Bos9921.pdf
(12980474) persisting BOS report for 9954 to /scripts/reporting/tmp/Bos9954.pdf
(12980474) persisting BOS report for 9956 to /scripts/reporting/tmp/Bos9956.pdf
(12980474) persisting BOS report for 9972 to /scripts/reporting/tmp/Bos9972.pdf
(12980474) persisting BOS report for 9973 to /scripts/reporting/tmp/Bos9973.pdf
(12980474) Creating /scripts/reporting/tmp/BosReports_01072014_132920.zip
(12980474) sending attachment email to IT.BOSS.Distribution@THEPARADIESSHOPS.COM
(12980474) successfully sent email to IT.BOSS.Distribution@THEPARADIESSHOPS.COM
(12980474) Cleaning up Bos pdf files
(12980474) cleaning up /scripts/reporting/tmp/bos001.ovrd.results
(12980474) finished Tue Jan  7 13:29:21 EST 2014

(14495790) started: Mon Jan 27 15:01:41 EST 2014
(14495790) Querying the database to see if this is the first Monday of the fiscal period
(14495790) This is the first Monday of the fiscal period, querying the database for all retail centers
(14495790) /scripts/reporting/tmp/bos001.ovrd.results exists and is not empty
(14495790) persisting BOS report for 0020 to /scripts/reporting/tmp/Bos0020.pdf
(14495790) ** ERROR: An error occurred generating BOS report for 0020, RC=1
(14495790) removing /scripts/reporting/tmp/Bos0020.pdf
(14495790) persisting BOS report for 9011 to /scripts/reporting/tmp/Bos9011.pdf
(14495790) ** ERROR: An error occurred generating BOS report for 9011, RC=1
(14495790) removing /scripts/reporting/tmp/Bos9011.pdf
(14495790) persisting BOS report for 9027 to /scripts/reporting/tmp/Bos9027.pdf
(14495790) persisting BOS report for 9030 to /scripts/reporting/tmp/Bos9030.pdf
(14495790) persisting BOS report for 9031 to /scripts/reporting/tmp/Bos9031.pdf
(14495790) persisting BOS report for 9034 to /scripts/reporting/tmp/Bos9034.pdf
(14495790) persisting BOS report for 9035 to /scripts/reporting/tmp/Bos9035.pdf
(14495790) persisting BOS report for 9037 to /scripts/reporting/tmp/Bos9037.pdf
(14495790) persisting BOS report for 9038 to /scripts/reporting/tmp/Bos9038.pdf
(14495790) persisting BOS report for 9041 to /scripts/reporting/tmp/Bos9041.pdf
(14495790) persisting BOS report for 9046 to /scripts/reporting/tmp/Bos9046.pdf
(14495790) persisting BOS report for 9053 to /scripts/reporting/tmp/Bos9053.pdf
(14495790) persisting BOS report for 9056 to /scripts/reporting/tmp/Bos9056.pdf
(14495790) persisting BOS report for 9059 to /scripts/reporting/tmp/Bos9059.pdf
(14495790) persisting BOS report for 9080 to /scripts/reporting/tmp/Bos9080.pdf
(14495790) persisting BOS report for 9090 to /scripts/reporting/tmp/Bos9090.pdf
(14495790) persisting BOS report for 9101 to /scripts/reporting/tmp/Bos9101.pdf
(14495790) persisting BOS report for 9110 to /scripts/reporting/tmp/Bos9110.pdf
(14495790) ** ERROR: An error occurred generating BOS report for 9110, RC=1
(14495790) removing /scripts/reporting/tmp/Bos9110.pdf
(14495790) persisting BOS report for 9120 to /scripts/reporting/tmp/Bos9120.pdf
(14495790) persisting BOS report for 9130 to /scripts/reporting/tmp/Bos9130.pdf
(14495790) persisting BOS report for 9140 to /scripts/reporting/tmp/Bos9140.pdf
(14495790) persisting BOS report for 9200 to /scripts/reporting/tmp/Bos9200.pdf
(14495790) persisting BOS report for 9204 to /scripts/reporting/tmp/Bos9204.pdf
(14495790) persisting BOS report for 9208 to /scripts/reporting/tmp/Bos9208.pdf
(14495790) persisting BOS report for 9210 to /scripts/reporting/tmp/Bos9210.pdf
(14495790) persisting BOS report for 9212 to /scripts/reporting/tmp/Bos9212.pdf
(14495790) persisting BOS report for 9215 to /scripts/reporting/tmp/Bos9215.pdf
(14495790) ** ERROR: An error occurred generating BOS report for 9215, RC=1
(14495790) removing /scripts/reporting/tmp/Bos9215.pdf
(14495790) persisting BOS report for 9230 to /scripts/reporting/tmp/Bos9230.pdf
(14495790) ** ERROR: An error occurred generating BOS report for 9230, RC=1
(14495790) removing /scripts/reporting/tmp/Bos9230.pdf
(14495790) persisting BOS report for 9250 to /scripts/reporting/tmp/Bos9250.pdf
(14495790) persisting BOS report for 9281 to /scripts/reporting/tmp/Bos9281.pdf
(14495790) persisting BOS report for 9310 to /scripts/reporting/tmp/Bos9310.pdf
(14495790) persisting BOS report for 9312 to /scripts/reporting/tmp/Bos9312.pdf
(14495790) persisting BOS report for 9315 to /scripts/reporting/tmp/Bos9315.pdf
(14495790) ** ERROR: An error occurred generating BOS report for 9315, RC=1
(14495790) removing /scripts/reporting/tmp/Bos9315.pdf
(14495790) persisting BOS report for 9321 to /scripts/reporting/tmp/Bos9321.pdf
(14495790) persisting BOS report for 9351 to /scripts/reporting/tmp/Bos9351.pdf
(14495790) persisting BOS report for 9352 to /scripts/reporting/tmp/Bos9352.pdf
(14495790) persisting BOS report for 9370 to /scripts/reporting/tmp/Bos9370.pdf
(14495790) persisting BOS report for 9390 to /scripts/reporting/tmp/Bos9390.pdf
(14495790) persisting BOS report for 9391 to /scripts/reporting/tmp/Bos9391.pdf
(14495790) persisting BOS report for 9404 to /scripts/reporting/tmp/Bos9404.pdf
(14495790) ** ERROR: An error occurred generating BOS report for 9404, RC=1
(14495790) removing /scripts/reporting/tmp/Bos9404.pdf
(14495790) persisting BOS report for 9405 to /scripts/reporting/tmp/Bos9405.pdf
(14495790) persisting BOS report for 9407 to /scripts/reporting/tmp/Bos9407.pdf
(14495790) persisting BOS report for 9410 to /scripts/reporting/tmp/Bos9410.pdf
(14495790) persisting BOS report for 9412 to /scripts/reporting/tmp/Bos9412.pdf
(14495790) persisting BOS report for 9415 to /scripts/reporting/tmp/Bos9415.pdf
(14495790) persisting BOS report for 9417 to /scripts/reporting/tmp/Bos9417.pdf
(14495790) persisting BOS report for 9425 to /scripts/reporting/tmp/Bos9425.pdf
(14495790) persisting BOS report for 9436 to /scripts/reporting/tmp/Bos9436.pdf
(14495790) persisting BOS report for 9450 to /scripts/reporting/tmp/Bos9450.pdf
(14495790) persisting BOS report for 9460 to /scripts/reporting/tmp/Bos9460.pdf
(14495790) persisting BOS report for 9479 to /scripts/reporting/tmp/Bos9479.pdf
(14495790) persisting BOS report for 9480 to /scripts/reporting/tmp/Bos9480.pdf
(14495790) persisting BOS report for 9500 to /scripts/reporting/tmp/Bos9500.pdf
(14495790) persisting BOS report for 9509 to /scripts/reporting/tmp/Bos9509.pdf
(14495790) persisting BOS report for 9515 to /scripts/reporting/tmp/Bos9515.pdf
(14495790) persisting BOS report for 9525 to /scripts/reporting/tmp/Bos9525.pdf
(14495790) persisting BOS report for 9535 to /scripts/reporting/tmp/Bos9535.pdf
(14495790) persisting BOS report for 9550 to /scripts/reporting/tmp/Bos9550.pdf
(14495790) persisting BOS report for 9562 to /scripts/reporting/tmp/Bos9562.pdf
(14495790) persisting BOS report for 9575 to /scripts/reporting/tmp/Bos9575.pdf
(14495790) persisting BOS report for 9599 to /scripts/reporting/tmp/Bos9599.pdf
(14495790) persisting BOS report for 9600 to /scripts/reporting/tmp/Bos9600.pdf
(14495790) persisting BOS report for 9609 to /scripts/reporting/tmp/Bos9609.pdf
(14495790) persisting BOS report for 9615 to /scripts/reporting/tmp/Bos9615.pdf
(14495790) ** ERROR: An error occurred generating BOS report for 9615, RC=1
(14495790) removing /scripts/reporting/tmp/Bos9615.pdf
(14495790) persisting BOS report for 9619 to /scripts/reporting/tmp/Bos9619.pdf
(14495790) persisting BOS report for 9630 to /scripts/reporting/tmp/Bos9630.pdf
(14495790) persisting BOS report for 9635 to /scripts/reporting/tmp/Bos9635.pdf
(14495790) persisting BOS report for 9640 to /scripts/reporting/tmp/Bos9640.pdf
(14495790) persisting BOS report for 9650 to /scripts/reporting/tmp/Bos9650.pdf
(14495790) persisting BOS report for 9675 to /scripts/reporting/tmp/Bos9675.pdf
(14495790) persisting BOS report for 9690 to /scripts/reporting/tmp/Bos9690.pdf
(14495790) persisting BOS report for 9700 to /scripts/reporting/tmp/Bos9700.pdf
(14495790) persisting BOS report for 9704 to /scripts/reporting/tmp/Bos9704.pdf
(14495790) persisting BOS report for 9706 to /scripts/reporting/tmp/Bos9706.pdf
(14495790) ** ERROR: An error occurred generating BOS report for 9706, RC=1
(14495790) removing /scripts/reporting/tmp/Bos9706.pdf
(14495790) persisting BOS report for 9713 to /scripts/reporting/tmp/Bos9713.pdf
(14495790) persisting BOS report for 9725 to /scripts/reporting/tmp/Bos9725.pdf
(14495790) persisting BOS report for 9750 to /scripts/reporting/tmp/Bos9750.pdf
(14495790) persisting BOS report for 9751 to /scripts/reporting/tmp/Bos9751.pdf
(14495790) ** ERROR: An error occurred generating BOS report for 9751, RC=1
(14495790) removing /scripts/reporting/tmp/Bos9751.pdf
(14495790) persisting BOS report for 9770 to /scripts/reporting/tmp/Bos9770.pdf
(14495790) persisting BOS report for 9775 to /scripts/reporting/tmp/Bos9775.pdf
(14495790) persisting BOS report for 9780 to /scripts/reporting/tmp/Bos9780.pdf
(14495790) persisting BOS report for 9800 to /scripts/reporting/tmp/Bos9800.pdf
(14495790) ** ERROR: An error occurred generating BOS report for 9800, RC=1
(14495790) removing /scripts/reporting/tmp/Bos9800.pdf
(14495790) persisting BOS report for 9801 to /scripts/reporting/tmp/Bos9801.pdf
(14495790) persisting BOS report for 9815 to /scripts/reporting/tmp/Bos9815.pdf
(14495790) persisting BOS report for 9828 to /scripts/reporting/tmp/Bos9828.pdf
(14495790) persisting BOS report for 9850 to /scripts/reporting/tmp/Bos9850.pdf
(14495790) persisting BOS report for 9859 to /scripts/reporting/tmp/Bos9859.pdf
(14495790) persisting BOS report for 9875 to /scripts/reporting/tmp/Bos9875.pdf
(14495790) persisting BOS report for 9880 to /scripts/reporting/tmp/Bos9880.pdf
(14495790) persisting BOS report for 9915 to /scripts/reporting/tmp/Bos9915.pdf
(14495790) persisting BOS report for 9918 to /scripts/reporting/tmp/Bos9918.pdf
(14495790) persisting BOS report for 9921 to /scripts/reporting/tmp/Bos9921.pdf
(14495790) persisting BOS report for 9954 to /scripts/reporting/tmp/Bos9954.pdf
(14495790) persisting BOS report for 9956 to /scripts/reporting/tmp/Bos9956.pdf
(14495790) persisting BOS report for 9972 to /scripts/reporting/tmp/Bos9972.pdf
(14495790) persisting BOS report for 9973 to /scripts/reporting/tmp/Bos9973.pdf
(14495790) Creating /scripts/reporting/tmp/BosReports_01272014_150719.zip
bos001.ovrd.sh: line 202: jar: command not found
(14495790) ** ERROR: An error occurred creating /scripts/reporting/tmp/BosReports_01272014_150719.zip, RC=127

(14524634) started: Tue Jan 28 08:46:14 EST 2014
(14524634) Querying the database to see if this is the first Monday of the fiscal period
(14524634) This is the first Monday of the fiscal period, querying the database for all retail centers
(14524634) /scripts/reporting/tmp/bos001.ovrd.results exists and is not empty
(14524634) persisting BOS report for 0020 to /scripts/reporting/tmp/Bos0020.pdf
(14524634) ** ERROR: An error occurred generating BOS report for 0020, RC=1
(14524634) removing /scripts/reporting/tmp/Bos0020.pdf
(14524634) persisting BOS report for 9011 to /scripts/reporting/tmp/Bos9011.pdf
(14524634) ** ERROR: An error occurred generating BOS report for 9011, RC=1
(14524634) removing /scripts/reporting/tmp/Bos9011.pdf
(14524634) persisting BOS report for 9027 to /scripts/reporting/tmp/Bos9027.pdf
(14524634) persisting BOS report for 9030 to /scripts/reporting/tmp/Bos9030.pdf
(14524634) persisting BOS report for 9031 to /scripts/reporting/tmp/Bos9031.pdf
(14524634) persisting BOS report for 9034 to /scripts/reporting/tmp/Bos9034.pdf
(14524634) persisting BOS report for 9035 to /scripts/reporting/tmp/Bos9035.pdf
(14524634) persisting BOS report for 9037 to /scripts/reporting/tmp/Bos9037.pdf
(14524634) persisting BOS report for 9038 to /scripts/reporting/tmp/Bos9038.pdf
(14524634) persisting BOS report for 9041 to /scripts/reporting/tmp/Bos9041.pdf
(14524634) persisting BOS report for 9046 to /scripts/reporting/tmp/Bos9046.pdf
(14524634) persisting BOS report for 9053 to /scripts/reporting/tmp/Bos9053.pdf
(14524634) persisting BOS report for 9056 to /scripts/reporting/tmp/Bos9056.pdf
(14524634) persisting BOS report for 9059 to /scripts/reporting/tmp/Bos9059.pdf
(14524634) persisting BOS report for 9080 to /scripts/reporting/tmp/Bos9080.pdf
(14524634) persisting BOS report for 9090 to /scripts/reporting/tmp/Bos9090.pdf
(14524634) persisting BOS report for 9101 to /scripts/reporting/tmp/Bos9101.pdf
(14524634) persisting BOS report for 9110 to /scripts/reporting/tmp/Bos9110.pdf
(14524634) ** ERROR: An error occurred generating BOS report for 9110, RC=1
(14524634) removing /scripts/reporting/tmp/Bos9110.pdf
(14524634) persisting BOS report for 9120 to /scripts/reporting/tmp/Bos9120.pdf
(14524634) persisting BOS report for 9130 to /scripts/reporting/tmp/Bos9130.pdf
(14524634) persisting BOS report for 9140 to /scripts/reporting/tmp/Bos9140.pdf
(14524634) persisting BOS report for 9200 to /scripts/reporting/tmp/Bos9200.pdf
(14524634) persisting BOS report for 9204 to /scripts/reporting/tmp/Bos9204.pdf
(14524634) persisting BOS report for 9208 to /scripts/reporting/tmp/Bos9208.pdf
(14524634) persisting BOS report for 9210 to /scripts/reporting/tmp/Bos9210.pdf
(14524634) persisting BOS report for 9212 to /scripts/reporting/tmp/Bos9212.pdf
(14524634) persisting BOS report for 9215 to /scripts/reporting/tmp/Bos9215.pdf
(14524634) ** ERROR: An error occurred generating BOS report for 9215, RC=1
(14524634) removing /scripts/reporting/tmp/Bos9215.pdf
(14524634) persisting BOS report for 9230 to /scripts/reporting/tmp/Bos9230.pdf
(14524634) ** ERROR: An error occurred generating BOS report for 9230, RC=1
(14524634) removing /scripts/reporting/tmp/Bos9230.pdf
(14524634) persisting BOS report for 9250 to /scripts/reporting/tmp/Bos9250.pdf
(14524634) persisting BOS report for 9281 to /scripts/reporting/tmp/Bos9281.pdf
(14524634) persisting BOS report for 9310 to /scripts/reporting/tmp/Bos9310.pdf
(14524634) persisting BOS report for 9312 to /scripts/reporting/tmp/Bos9312.pdf
(14524634) persisting BOS report for 9315 to /scripts/reporting/tmp/Bos9315.pdf
(14524634) ** ERROR: An error occurred generating BOS report for 9315, RC=1
(14524634) removing /scripts/reporting/tmp/Bos9315.pdf
(14524634) persisting BOS report for 9321 to /scripts/reporting/tmp/Bos9321.pdf
(14524634) persisting BOS report for 9351 to /scripts/reporting/tmp/Bos9351.pdf
(14524634) persisting BOS report for 9352 to /scripts/reporting/tmp/Bos9352.pdf
(14524634) persisting BOS report for 9370 to /scripts/reporting/tmp/Bos9370.pdf
(14524634) persisting BOS report for 9390 to /scripts/reporting/tmp/Bos9390.pdf
(14524634) persisting BOS report for 9391 to /scripts/reporting/tmp/Bos9391.pdf
(14524634) persisting BOS report for 9404 to /scripts/reporting/tmp/Bos9404.pdf
(14524634) ** ERROR: An error occurred generating BOS report for 9404, RC=1
(14524634) removing /scripts/reporting/tmp/Bos9404.pdf
(14524634) persisting BOS report for 9405 to /scripts/reporting/tmp/Bos9405.pdf
(14524634) persisting BOS report for 9407 to /scripts/reporting/tmp/Bos9407.pdf
(14524634) persisting BOS report for 9410 to /scripts/reporting/tmp/Bos9410.pdf
(14524634) persisting BOS report for 9412 to /scripts/reporting/tmp/Bos9412.pdf
(14524634) persisting BOS report for 9415 to /scripts/reporting/tmp/Bos9415.pdf
(14524634) persisting BOS report for 9417 to /scripts/reporting/tmp/Bos9417.pdf
(14524634) persisting BOS report for 9425 to /scripts/reporting/tmp/Bos9425.pdf
(14524634) persisting BOS report for 9436 to /scripts/reporting/tmp/Bos9436.pdf
(14524634) persisting BOS report for 9450 to /scripts/reporting/tmp/Bos9450.pdf
(14524634) persisting BOS report for 9460 to /scripts/reporting/tmp/Bos9460.pdf
(14524634) persisting BOS report for 9479 to /scripts/reporting/tmp/Bos9479.pdf
(14524634) persisting BOS report for 9480 to /scripts/reporting/tmp/Bos9480.pdf
(14524634) persisting BOS report for 9500 to /scripts/reporting/tmp/Bos9500.pdf
(14524634) persisting BOS report for 9509 to /scripts/reporting/tmp/Bos9509.pdf
(14524634) persisting BOS report for 9515 to /scripts/reporting/tmp/Bos9515.pdf
(14524634) persisting BOS report for 9525 to /scripts/reporting/tmp/Bos9525.pdf
(14524634) persisting BOS report for 9535 to /scripts/reporting/tmp/Bos9535.pdf
(14524634) persisting BOS report for 9550 to /scripts/reporting/tmp/Bos9550.pdf
(14524634) persisting BOS report for 9562 to /scripts/reporting/tmp/Bos9562.pdf
(14524634) persisting BOS report for 9575 to /scripts/reporting/tmp/Bos9575.pdf
(14524634) persisting BOS report for 9599 to /scripts/reporting/tmp/Bos9599.pdf
(14524634) persisting BOS report for 9600 to /scripts/reporting/tmp/Bos9600.pdf
(14524634) persisting BOS report for 9609 to /scripts/reporting/tmp/Bos9609.pdf
(14524634) persisting BOS report for 9615 to /scripts/reporting/tmp/Bos9615.pdf
(14524634) ** ERROR: An error occurred generating BOS report for 9615, RC=1
(14524634) removing /scripts/reporting/tmp/Bos9615.pdf
(14524634) persisting BOS report for 9619 to /scripts/reporting/tmp/Bos9619.pdf
(14524634) persisting BOS report for 9630 to /scripts/reporting/tmp/Bos9630.pdf
(14524634) persisting BOS report for 9635 to /scripts/reporting/tmp/Bos9635.pdf
(14524634) persisting BOS report for 9640 to /scripts/reporting/tmp/Bos9640.pdf
(14524634) persisting BOS report for 9650 to /scripts/reporting/tmp/Bos9650.pdf
(14524634) persisting BOS report for 9675 to /scripts/reporting/tmp/Bos9675.pdf
(14524634) persisting BOS report for 9690 to /scripts/reporting/tmp/Bos9690.pdf
(14524634) persisting BOS report for 9700 to /scripts/reporting/tmp/Bos9700.pdf
(14524634) persisting BOS report for 9704 to /scripts/reporting/tmp/Bos9704.pdf
(14524634) persisting BOS report for 9706 to /scripts/reporting/tmp/Bos9706.pdf
(14524634) ** ERROR: An error occurred generating BOS report for 9706, RC=1
(14524634) removing /scripts/reporting/tmp/Bos9706.pdf
(14524634) persisting BOS report for 9713 to /scripts/reporting/tmp/Bos9713.pdf
(14524634) persisting BOS report for 9725 to /scripts/reporting/tmp/Bos9725.pdf
(14524634) persisting BOS report for 9750 to /scripts/reporting/tmp/Bos9750.pdf
(14524634) persisting BOS report for 9751 to /scripts/reporting/tmp/Bos9751.pdf
(14524634) ** ERROR: An error occurred generating BOS report for 9751, RC=1
(14524634) removing /scripts/reporting/tmp/Bos9751.pdf
(14524634) persisting BOS report for 9770 to /scripts/reporting/tmp/Bos9770.pdf
(14524634) persisting BOS report for 9775 to /scripts/reporting/tmp/Bos9775.pdf
(14524634) persisting BOS report for 9780 to /scripts/reporting/tmp/Bos9780.pdf
(14524634) persisting BOS report for 9800 to /scripts/reporting/tmp/Bos9800.pdf
(14524634) ** ERROR: An error occurred generating BOS report for 9800, RC=1
(14524634) removing /scripts/reporting/tmp/Bos9800.pdf
(14524634) persisting BOS report for 9801 to /scripts/reporting/tmp/Bos9801.pdf
(14524634) persisting BOS report for 9815 to /scripts/reporting/tmp/Bos9815.pdf
(14524634) persisting BOS report for 9828 to /scripts/reporting/tmp/Bos9828.pdf
(14524634) persisting BOS report for 9850 to /scripts/reporting/tmp/Bos9850.pdf
(14524634) persisting BOS report for 9859 to /scripts/reporting/tmp/Bos9859.pdf
(14524634) persisting BOS report for 9875 to /scripts/reporting/tmp/Bos9875.pdf
(14524634) persisting BOS report for 9880 to /scripts/reporting/tmp/Bos9880.pdf
(14524634) persisting BOS report for 9915 to /scripts/reporting/tmp/Bos9915.pdf
(14524634) persisting BOS report for 9918 to /scripts/reporting/tmp/Bos9918.pdf
(14524634) persisting BOS report for 9921 to /scripts/reporting/tmp/Bos9921.pdf
(14524634) persisting BOS report for 9954 to /scripts/reporting/tmp/Bos9954.pdf
(14524634) persisting BOS report for 9956 to /scripts/reporting/tmp/Bos9956.pdf
(14524634) persisting BOS report for 9972 to /scripts/reporting/tmp/Bos9972.pdf
(14524634) persisting BOS report for 9973 to /scripts/reporting/tmp/Bos9973.pdf
(14524634) Creating /scripts/reporting/tmp/BosReports_01282014_085141.zip
**************************** WARNING ******************************
You are currently running with data limits not set to unlimited.
You may experience out of memory(OOM) conditions.
In the event of an OOM error, please increase the data limit value.
You may use "ulimit -d unlimited" to set data limit as unlimited.
*******************************************************************
(14524634) sending attachment email to IT.BOSS.Distribution@THEPARADIESSHOPS.COM
(14524634) successfully sent email to IT.BOSS.Distribution@THEPARADIESSHOPS.COM
(14524634) Cleaning up Bos pdf files
(14524634) cleaning up /scripts/reporting/tmp/bos001.ovrd.results
(14524634) finished Tue Jan 28 08:51:42 EST 2014
